<?xml version="1.0" encoding="UTF-8"?>
<!-- Generated by org.testng.reporters.JUnitReportReporter -->
<testsuite hostname="LAPTOP-H1444TJK" failures="0" tests="1" name="com.qalegendbilling.testscript.ViewTest" time="30.689" errors="0" timestamp="2023-05-01T15:21:24 GST" skipped="0">
  <testcase classname="com.qalegendbilling.testscript.ViewTest" name="TC020_verifyUserCanViewDetails" time="30.689"/>
  <system-out/>
</testsuite> <!-- com.qalegendbilling.testscript.ViewTest -->
