<?xml version="1.0" encoding="UTF-8"?>
<!-- Generated by org.testng.reporters.JUnitReportReporter -->
<testsuite hostname="LAPTOP-H1444TJK" failures="0" tests="1" name="com.qalegendbilling.testscript.LoginTest" time="15.931" errors="0" timestamp="2023-04-26T09:33:22 GST" skipped="0">
  <testcase classname="com.qalegendbilling.testscript.LoginTest" name="TC001_verifyLoginPageTitle" time="15.931"/>
  <system-out/>
</testsuite> <!-- com.qalegendbilling.testscript.LoginTest -->
