<?xml version="1.0" encoding="UTF-8"?>
<!-- Generated by org.testng.reporters.JUnitReportReporter -->
<testsuite hostname="LAPTOP-H1444TJK" failures="0" tests="1" name="com.qalegendbilling.testscript.DeleteUserTest" time="24.651" errors="0" timestamp="2023-05-01T15:22:30 GST" skipped="0">
  <testcase classname="com.qalegendbilling.testscript.DeleteUserTest" name="TC019_verifyTheUserCanDeleteUser" time="24.651"/>
  <system-out/>
</testsuite> <!-- com.qalegendbilling.testscript.DeleteUserTest -->
