<?xml version="1.0" encoding="UTF-8"?>
<!-- Generated by org.testng.reporters.JUnitReportReporter -->
<testsuite hostname="LAPTOP-H1444TJK" failures="0" tests="1" name="com.qalegendbilling.testscript.UserTest" time="29.549" errors="0" timestamp="2023-05-01T12:28:11 GST" skipped="0">
  <testcase classname="com.qalegendbilling.testscript.UserTest" name="TC013_verifyErrorMessageDisplayed" time="29.549"/>
  <system-out/>
</testsuite> <!-- com.qalegendbilling.testscript.UserTest -->
