<?xml version="1.0" encoding="UTF-8"?>
<!-- Generated by org.testng.reporters.JUnitReportReporter -->
<testsuite hostname="LAPTOP-H1444TJK" failures="0" tests="1" name="com.qalegendbilling.testscript.AddUserTest" time="29.133" errors="0" timestamp="2023-04-29T09:24:01 GST" skipped="0">
  <testcase classname="com.qalegendbilling.testscript.AddUserTest" name="TC015_verifyAddUserPageTitle" time="29.133"/>
  <system-out/>
</testsuite> <!-- com.qalegendbilling.testscript.AddUserTest -->
