<?xml version="1.0" encoding="UTF-8"?>
<!-- Generated by org.testng.reporters.JUnitReportReporter -->
<testsuite hostname="LAPTOP-H1444TJK" failures="0" tests="1" name="com.qalegendbilling.testscript.UserAccountTest" time="27.170" errors="0" timestamp="2023-04-24T17:48:57 GST" skipped="0">
  <testcase classname="com.qalegendbilling.testscript.UserAccountTest" name="TC010_verifyTheUserAccountPageTitle" time="27.170"/>
  <system-out/>
</testsuite> <!-- com.qalegendbilling.testscript.UserAccountTest -->
