<?xml version="1.0" encoding="UTF-8"?>
<!-- Generated by org.testng.reporters.JUnitReportReporter -->
<testsuite hostname="LAPTOP-H1444TJK" failures="0" tests="1" name="com.qalegendbilling.testscript.RoleTest" time="32.751" errors="0" timestamp="2023-05-01T16:19:49 GST" skipped="0">
  <testcase classname="com.qalegendbilling.testscript.RoleTest" name="TC021_verifyRolesPageTitle" time="32.751"/>
  <system-out/>
</testsuite> <!-- com.qalegendbilling.testscript.RoleTest -->
