<?xml version="1.0" encoding="UTF-8"?>
<!-- Generated by org.testng.reporters.JUnitReportReporter -->
<testsuite hostname="LAPTOP-H1444TJK" failures="0" tests="1" name="com.qalegendbilling.testscript.EditUserTest" time="30.795" errors="0" timestamp="2023-05-02T10:16:20 GST" skipped="0">
  <testcase classname="com.qalegendbilling.testscript.EditUserTest" name="TC018_verifyUserEditDetails" time="30.795"/>
  <system-out/>
</testsuite> <!-- com.qalegendbilling.testscript.EditUserTest -->
