<?xml version="1.0" encoding="UTF-8"?>
<!-- Generated by org.testng.reporters.JUnitReportReporter -->
<testsuite hostname="LAPTOP-H1444TJK" failures="0" tests="1" name="com.qalegendbilling.testscript.HomeTest" time="19.870" errors="0" timestamp="2023-04-26T09:33:22 GST" skipped="0">
  <testcase classname="com.qalegendbilling.testscript.HomeTest" name="TC006_verifyHomePageTitle" time="19.870"/>
  <system-out/>
</testsuite> <!-- com.qalegendbilling.testscript.HomeTest -->
